This file contains any messages produced by compilers while
running configure, to aid debugging if configure makes a mistake.

It was created by memcached configure 1.4.32, which was
generated by GNU Autoconf 2.69.  Invocation command line was

  $ ./configure --prefix=/usr/local/memcache

## --------- ##
## Platform. ##
## --------- ##

hostname = iZbp1dccharmrpjjshwozhZ
uname -m = aarch64
uname -r = 5.15.0-70-generic
uname -s = Linux
uname -v = #77-Ubuntu SMP Tue Mar 21 15:58:51 UTC 2023

/usr/bin/uname -p = aarch64
/bin/uname -X     = unknown

/bin/arch              = aarch64
/usr/bin/arch -k       = unknown
/usr/convex/getsysinfo = unknown
/usr/bin/hostinfo      = unknown
/bin/machine           = unknown
/usr/bin/oslevel       = unknown
/bin/universe          = unknown

PATH: /root/.vscode-server/bin/695af097c7bd098fbf017ce3ac85e09bbc5dda06/bin/remote-cli
PATH: /usr/local/sbin
PATH: /usr/local/bin
PATH: /usr/sbin
PATH: /usr/bin
PATH: /sbin
PATH: /bin
PATH: /usr/games
PATH: /usr/local/games
PATH: /snap/bin


## ----------- ##
## Core tests. ##
## ----------- ##

configure:2338: checking build system type
configure:2352: result: aarch64-unknown-linux-gnu
configure:2372: checking host system type
configure:2385: result: aarch64-unknown-linux-gnu
configure:2422: checking for a BSD-compatible install
configure:2490: result: /usr/bin/install -c
configure:2501: checking whether build environment is sane
configure:2556: result: yes
configure:2707: checking for a thread-safe mkdir -p
configure:2746: result: /usr/bin/mkdir -p
configure:2753: checking for gawk
configure:2769: found /usr/bin/gawk
configure:2780: result: gawk
configure:2791: checking whether make sets $(MAKE)
configure:2813: result: yes
configure:2842: checking whether make supports nested variables
configure:2859: result: yes
configure:3036: checking for gcc
configure:3052: found /usr/bin/gcc
configure:3063: result: gcc
configure:3292: checking for C compiler version
configure:3301: gcc --version >&5
gcc (Ubuntu 11.3.0-1ubuntu1~22.04.1) 11.3.0
Copyright (C) 2021 Free Software Foundation, Inc.
This is free software; see the source for copying conditions.  There is NO
warranty; not even for MERCHANTABILITY or FITNESS FOR A PARTICULAR PURPOSE.

configure:3312: $? = 0
configure:3301: gcc -v >&5
Using built-in specs.
COLLECT_GCC=gcc
COLLECT_LTO_WRAPPER=/usr/lib/gcc/aarch64-linux-gnu/11/lto-wrapper
Target: aarch64-linux-gnu
Configured with: ../src/configure -v --with-pkgversion='Ubuntu 11.3.0-1ubuntu1~22.04.1' --with-bugurl=file:///usr/share/doc/gcc-11/README.Bugs --enable-languages=c,ada,c++,go,d,fortran,objc,obj-c++,m2 --prefix=/usr --with-gcc-major-version-only --program-suffix=-11 --program-prefix=aarch64-linux-gnu- --enable-shared --enable-linker-build-id --libexecdir=/usr/lib --without-included-gettext --enable-threads=posix --libdir=/usr/lib --enable-nls --enable-bootstrap --enable-clocale=gnu --enable-libstdcxx-debug --enable-libstdcxx-time=yes --with-default-libstdcxx-abi=new --enable-gnu-unique-object --disable-libquadmath --disable-libquadmath-support --enable-plugin --enable-default-pie --with-system-zlib --enable-libphobos-checking=release --with-target-system-zlib=auto --enable-objc-gc=auto --enable-multiarch --enable-fix-cortex-a53-843419 --disable-werror --enable-checking=release --build=aarch64-linux-gnu --host=aarch64-linux-gnu --target=aarch64-linux-gnu --with-build-config=bootstrap-lto-lean --enable-link-serialization=2
Thread model: posix
Supported LTO compression algorithms: zlib zstd
gcc version 11.3.0 (Ubuntu 11.3.0-1ubuntu1~22.04.1) 
configure:3312: $? = 0
configure:3301: gcc -V >&5
gcc: error: unrecognized command-line option '-V'
gcc: fatal error: no input files
compilation terminated.
configure:3312: $? = 1
configure:3301: gcc -qversion >&5
gcc: error: unrecognized command-line option '-qversion'; did you mean '--version'?
gcc: fatal error: no input files
compilation terminated.
configure:3312: $? = 1
configure:3332: checking whether the C compiler works
configure:3354: gcc    conftest.c  >&5
configure:3358: $? = 0
configure:3406: result: yes
configure:3409: checking for C compiler default output file name
configure:3411: result: a.out
configure:3417: checking for suffix of executables
configure:3424: gcc -o conftest    conftest.c  >&5
configure:3428: $? = 0
configure:3450: result: 
configure:3472: checking whether we are cross compiling
configure:3480: gcc -o conftest    conftest.c  >&5
configure:3484: $? = 0
configure:3491: ./conftest
configure:3495: $? = 0
configure:3510: result: no
configure:3515: checking for suffix of object files
configure:3537: gcc -c   conftest.c >&5
configure:3541: $? = 0
configure:3562: result: o
configure:3566: checking whether we are using the GNU C compiler
configure:3585: gcc -c   conftest.c >&5
configure:3585: $? = 0
configure:3594: result: yes
configure:3603: checking whether gcc accepts -g
configure:3623: gcc -c -g  conftest.c >&5
configure:3623: $? = 0
configure:3664: result: yes
configure:3681: checking for gcc option to accept ISO C89
configure:3744: gcc  -c -g -O2  conftest.c >&5
configure:3744: $? = 0
configure:3757: result: none needed
configure:3782: checking whether gcc understands -c and -o together
configure:3804: gcc -c conftest.c -o conftest2.o
configure:3807: $? = 0
configure:3804: gcc -c conftest.c -o conftest2.o
configure:3807: $? = 0
configure:3819: result: yes
configure:3847: checking for style of include used by make
configure:3875: result: GNU
configure:3901: checking dependency style of gcc
configure:4012: result: gcc3
configure:4036: checking how to run the C preprocessor
configure:4067: gcc -E  conftest.c
configure:4067: $? = 0
configure:4081: gcc -E  conftest.c
conftest.c:11:10: fatal error: ac_nonexistent.h: No such file or directory
   11 | #include <ac_nonexistent.h>
      |          ^~~~~~~~~~~~~~~~~~
compilation terminated.
configure:4081: $? = 1
configure: failed program was:
| /* confdefs.h */
| #define PACKAGE_NAME "memcached"
| #define PACKAGE_TARNAME "memcached"
| #define PACKAGE_VERSION "1.4.32"
| #define PACKAGE_STRING "memcached 1.4.32"
| #define PACKAGE_BUGREPORT "memcached@googlegroups.com"
| #define PACKAGE_URL ""
| #define PACKAGE "memcached"
| #define VERSION "1.4.32"
| /* end confdefs.h.  */
| #include <ac_nonexistent.h>
configure:4106: result: gcc -E
configure:4126: gcc -E  conftest.c
configure:4126: $? = 0
configure:4140: gcc -E  conftest.c
conftest.c:11:10: fatal error: ac_nonexistent.h: No such file or directory
   11 | #include <ac_nonexistent.h>
      |          ^~~~~~~~~~~~~~~~~~
compilation terminated.
configure:4140: $? = 1
configure: failed program was:
| /* confdefs.h */
| #define PACKAGE_NAME "memcached"
| #define PACKAGE_TARNAME "memcached"
| #define PACKAGE_VERSION "1.4.32"
| #define PACKAGE_STRING "memcached 1.4.32"
| #define PACKAGE_BUGREPORT "memcached@googlegroups.com"
| #define PACKAGE_URL ""
| #define PACKAGE "memcached"
| #define VERSION "1.4.32"
| /* end confdefs.h.  */
| #include <ac_nonexistent.h>
configure:4169: checking for grep that handles long lines and -e
configure:4227: result: /usr/bin/grep
configure:4232: checking for egrep
configure:4294: result: /usr/bin/grep -E
configure:4301: checking for icc in use
configure:4310: result: no
configure:4330: checking for clang in use
configure:4347: gcc -c -g -O2  conftest.c >&5
conftest.c: In function 'main':
conftest.c:17:12: error: unknown type name 'not'
   17 |            not clang
      |            ^~~
configure:4347: $? = 1
configure: failed program was:
| /* confdefs.h */
| #define PACKAGE_NAME "memcached"
| #define PACKAGE_TARNAME "memcached"
| #define PACKAGE_VERSION "1.4.32"
| #define PACKAGE_STRING "memcached 1.4.32"
| #define PACKAGE_BUGREPORT "memcached@googlegroups.com"
| #define PACKAGE_URL ""
| #define PACKAGE "memcached"
| #define VERSION "1.4.32"
| /* end confdefs.h.  */
| 
| int
| main ()
| {
| 
|     #ifndef __clang__
|            not clang
|     #endif
| 
|   ;
|   return 0;
| }
configure:4353: result: no
configure:4362: checking for ANSI C header files
configure:4382: gcc -c -g -O2  conftest.c >&5
configure:4382: $? = 0
configure:4455: gcc -o conftest -g -O2   conftest.c  >&5
configure:4455: $? = 0
configure:4455: ./conftest
configure:4455: $? = 0
configure:4466: result: yes
configure:4479: checking for sys/types.h
configure:4479: gcc -c -g -O2  conftest.c >&5
configure:4479: $? = 0
configure:4479: result: yes
configure:4479: checking for sys/stat.h
configure:4479: gcc -c -g -O2  conftest.c >&5
configure:4479: $? = 0
configure:4479: result: yes
configure:4479: checking for stdlib.h
configure:4479: gcc -c -g -O2  conftest.c >&5
configure:4479: $? = 0
configure:4479: result: yes
configure:4479: checking for string.h
configure:4479: gcc -c -g -O2  conftest.c >&5
configure:4479: $? = 0
configure:4479: result: yes
configure:4479: checking for memory.h
configure:4479: gcc -c -g -O2  conftest.c >&5
configure:4479: $? = 0
configure:4479: result: yes
configure:4479: checking for strings.h
configure:4479: gcc -c -g -O2  conftest.c >&5
configure:4479: $? = 0
configure:4479: result: yes
configure:4479: checking for inttypes.h
configure:4479: gcc -c -g -O2  conftest.c >&5
configure:4479: $? = 0
configure:4479: result: yes
configure:4479: checking for stdint.h
configure:4479: gcc -c -g -O2  conftest.c >&5
configure:4479: $? = 0
configure:4479: result: yes
configure:4479: checking for unistd.h
configure:4479: gcc -c -g -O2  conftest.c >&5
configure:4479: $? = 0
configure:4479: result: yes
configure:4492: checking whether __SUNPRO_C is declared
configure:4492: gcc -c -g -O2  conftest.c >&5
conftest.c: In function 'main':
conftest.c:61:10: error: '__SUNPRO_C' undeclared (first use in this function)
   61 |   (void) __SUNPRO_C;
      |          ^~~~~~~~~~
conftest.c:61:10: note: each undeclared identifier is reported only once for each function it appears in
configure:4492: $? = 1
configure: failed program was:
| /* confdefs.h */
| #define PACKAGE_NAME "memcached"
| #define PACKAGE_TARNAME "memcached"
| #define PACKAGE_VERSION "1.4.32"
| #define PACKAGE_STRING "memcached 1.4.32"
| #define PACKAGE_BUGREPORT "memcached@googlegroups.com"
| #define PACKAGE_URL ""
| #define PACKAGE "memcached"
| #define VERSION "1.4.32"
| #define STDC_HEADERS 1
| #define HAVE_SYS_TYPES_H 1
| #define HAVE_SYS_STAT_H 1
| #define HAVE_STDLIB_H 1
| #define HAVE_STRING_H 1
| #define HAVE_MEMORY_H 1
| #define HAVE_STRINGS_H 1
| #define HAVE_INTTYPES_H 1
| #define HAVE_STDINT_H 1
| #define HAVE_UNISTD_H 1
| /* end confdefs.h.  */
| #include <stdio.h>
| #ifdef HAVE_SYS_TYPES_H
| # include <sys/types.h>
| #endif
| #ifdef HAVE_SYS_STAT_H
| # include <sys/stat.h>
| #endif
| #ifdef STDC_HEADERS
| # include <stdlib.h>
| # include <stddef.h>
| #else
| # ifdef HAVE_STDLIB_H
| #  include <stdlib.h>
| # endif
| #endif
| #ifdef HAVE_STRING_H
| # if !defined STDC_HEADERS && defined HAVE_MEMORY_H
| #  include <memory.h>
| # endif
| # include <string.h>
| #endif
| #ifdef HAVE_STRINGS_H
| # include <strings.h>
| #endif
| #ifdef HAVE_INTTYPES_H
| # include <inttypes.h>
| #endif
| #ifdef HAVE_STDINT_H
| # include <stdint.h>
| #endif
| #ifdef HAVE_UNISTD_H
| # include <unistd.h>
| #endif
| int
| main ()
| {
| #ifndef __SUNPRO_C
| #ifdef __cplusplus
|   (void) __SUNPRO_C;
| #else
|   (void) __SUNPRO_C;
| #endif
| #endif
| 
|   ;
|   return 0;
| }
configure:4492: result: no
configure:4513: checking for gcc option to accept ISO C99
configure:4662: gcc  -c -g -O2 -pthread  conftest.c >&5
configure:4662: $? = 0
configure:4675: result: none needed
configure:4716: checking sasl/sasl.h usability
configure:4716: gcc -c -g -O2 -pthread  conftest.c >&5
conftest.c:54:10: fatal error: sasl/sasl.h: No such file or directory
   54 | #include <sasl/sasl.h>
      |          ^~~~~~~~~~~~~
compilation terminated.
configure:4716: $? = 1
configure: failed program was:
| /* confdefs.h */
| #define PACKAGE_NAME "memcached"
| #define PACKAGE_TARNAME "memcached"
| #define PACKAGE_VERSION "1.4.32"
| #define PACKAGE_STRING "memcached 1.4.32"
| #define PACKAGE_BUGREPORT "memcached@googlegroups.com"
| #define PACKAGE_URL ""
| #define PACKAGE "memcached"
| #define VERSION "1.4.32"
| #define STDC_HEADERS 1
| #define HAVE_SYS_TYPES_H 1
| #define HAVE_SYS_STAT_H 1
| #define HAVE_STDLIB_H 1
| #define HAVE_STRING_H 1
| #define HAVE_MEMORY_H 1
| #define HAVE_STRINGS_H 1
| #define HAVE_INTTYPES_H 1
| #define HAVE_STDINT_H 1
| #define HAVE_UNISTD_H 1
| /* end confdefs.h.  */
| #include <stdio.h>
| #ifdef HAVE_SYS_TYPES_H
| # include <sys/types.h>
| #endif
| #ifdef HAVE_SYS_STAT_H
| # include <sys/stat.h>
| #endif
| #ifdef STDC_HEADERS
| # include <stdlib.h>
| # include <stddef.h>
| #else
| # ifdef HAVE_STDLIB_H
| #  include <stdlib.h>
| # endif
| #endif
| #ifdef HAVE_STRING_H
| # if !defined STDC_HEADERS && defined HAVE_MEMORY_H
| #  include <memory.h>
| # endif
| # include <string.h>
| #endif
| #ifdef HAVE_STRINGS_H
| # include <strings.h>
| #endif
| #ifdef HAVE_INTTYPES_H
| # include <inttypes.h>
| #endif
| #ifdef HAVE_STDINT_H
| # include <stdint.h>
| #endif
| #ifdef HAVE_UNISTD_H
| # include <unistd.h>
| #endif
| #include <sasl/sasl.h>
configure:4716: result: no
configure:4716: checking sasl/sasl.h presence
configure:4716: gcc -E  conftest.c
conftest.c:21:10: fatal error: sasl/sasl.h: No such file or directory
   21 | #include <sasl/sasl.h>
      |          ^~~~~~~~~~~~~
compilation terminated.
configure:4716: $? = 1
configure: failed program was:
| /* confdefs.h */
| #define PACKAGE_NAME "memcached"
| #define PACKAGE_TARNAME "memcached"
| #define PACKAGE_VERSION "1.4.32"
| #define PACKAGE_STRING "memcached 1.4.32"
| #define PACKAGE_BUGREPORT "memcached@googlegroups.com"
| #define PACKAGE_URL ""
| #define PACKAGE "memcached"
| #define VERSION "1.4.32"
| #define STDC_HEADERS 1
| #define HAVE_SYS_TYPES_H 1
| #define HAVE_SYS_STAT_H 1
| #define HAVE_STDLIB_H 1
| #define HAVE_STRING_H 1
| #define HAVE_MEMORY_H 1
| #define HAVE_STRINGS_H 1
| #define HAVE_INTTYPES_H 1
| #define HAVE_STDINT_H 1
| #define HAVE_UNISTD_H 1
| /* end confdefs.h.  */
| #include <sasl/sasl.h>
configure:4716: result: no
configure:4716: checking for sasl/sasl.h
configure:4716: result: no
configure:4946: checking for gcov
configure:4964: found /usr/bin/gcov
configure:4977: result: /usr/bin/gcov
configure:4987: checking for main in -lgcov
configure:5006: gcc -o conftest -g -O2 -pthread -pthread   conftest.c -lgcov   >&5
configure:5006: $? = 0
configure:5015: result: yes
configure:5174: checking for library containing clock_gettime
configure:5205: gcc -o conftest -g -O2 -pthread -pthread   conftest.c  >&5
configure:5205: $? = 0
configure:5222: result: none required
configure:5232: checking for library containing socket
configure:5263: gcc -o conftest -g -O2 -pthread -pthread   conftest.c  >&5
configure:5263: $? = 0
configure:5280: result: none required
configure:5288: checking for library containing gethostbyname
configure:5319: gcc -o conftest -g -O2 -pthread -pthread   conftest.c  >&5
configure:5319: $? = 0
configure:5336: result: none required
configure:5361: checking for libevent directory
configure:5405: gcc -o conftest -g -O2 -pthread -pthread   conftest.c -levent  >&5
configure:5405: $? = 0
configure:5441: result: (system)
configure:5460: checking for library containing umem_cache_create
configure:5491: gcc -o conftest -g -O2 -pthread -pthread   conftest.c -levent  >&5
/usr/bin/ld: /tmp/cc3dM6kJ.o: in function `main':
/root/end-to-end-poc/memcached-1.4.32/conftest.c:32: undefined reference to `umem_cache_create'
collect2: error: ld returned 1 exit status
configure:5491: $? = 1
configure: failed program was:
| /* confdefs.h */
| #define PACKAGE_NAME "memcached"
| #define PACKAGE_TARNAME "memcached"
| #define PACKAGE_VERSION "1.4.32"
| #define PACKAGE_STRING "memcached 1.4.32"
| #define PACKAGE_BUGREPORT "memcached@googlegroups.com"
| #define PACKAGE_URL ""
| #define PACKAGE "memcached"
| #define VERSION "1.4.32"
| #define STDC_HEADERS 1
| #define HAVE_SYS_TYPES_H 1
| #define HAVE_SYS_STAT_H 1
| #define HAVE_STDLIB_H 1
| #define HAVE_STRING_H 1
| #define HAVE_MEMORY_H 1
| #define HAVE_STRINGS_H 1
| #define HAVE_INTTYPES_H 1
| #define HAVE_STDINT_H 1
| #define HAVE_UNISTD_H 1
| /* end confdefs.h.  */
| 
| /* Override any GCC internal prototype to avoid an error.
|    Use char because int might match the return type of a GCC
|    builtin and then its argument prototype would still apply.  */
| #ifdef __cplusplus
| extern "C"
| #endif
| char umem_cache_create ();
| int
| main ()
| {
| return umem_cache_create ();
|   ;
|   return 0;
| }
configure:5491: gcc -o conftest -g -O2 -pthread -pthread   conftest.c -lumem  -levent  >&5
/usr/bin/ld: cannot find -lumem: No such file or directory
collect2: error: ld returned 1 exit status
configure:5491: $? = 1
configure: failed program was:
| /* confdefs.h */
| #define PACKAGE_NAME "memcached"
| #define PACKAGE_TARNAME "memcached"
| #define PACKAGE_VERSION "1.4.32"
| #define PACKAGE_STRING "memcached 1.4.32"
| #define PACKAGE_BUGREPORT "memcached@googlegroups.com"
| #define PACKAGE_URL ""
| #define PACKAGE "memcached"
| #define VERSION "1.4.32"
| #define STDC_HEADERS 1
| #define HAVE_SYS_TYPES_H 1
| #define HAVE_SYS_STAT_H 1
| #define HAVE_STDLIB_H 1
| #define HAVE_STRING_H 1
| #define HAVE_MEMORY_H 1
| #define HAVE_STRINGS_H 1
| #define HAVE_INTTYPES_H 1
| #define HAVE_STDINT_H 1
| #define HAVE_UNISTD_H 1
| /* end confdefs.h.  */
| 
| /* Override any GCC internal prototype to avoid an error.
|    Use char because int might match the return type of a GCC
|    builtin and then its argument prototype would still apply.  */
| #ifdef __cplusplus
| extern "C"
| #endif
| char umem_cache_create ();
| int
| main ()
| {
| return umem_cache_create ();
|   ;
|   return 0;
| }
configure:5508: result: no
configure:5516: checking for library containing gethugepagesizes
configure:5547: gcc -o conftest -g -O2 -pthread -pthread   conftest.c -levent  >&5
/usr/bin/ld: /tmp/ccGqvtxn.o: in function `main':
/root/end-to-end-poc/memcached-1.4.32/conftest.c:32: undefined reference to `gethugepagesizes'
collect2: error: ld returned 1 exit status
configure:5547: $? = 1
configure: failed program was:
| /* confdefs.h */
| #define PACKAGE_NAME "memcached"
| #define PACKAGE_TARNAME "memcached"
| #define PACKAGE_VERSION "1.4.32"
| #define PACKAGE_STRING "memcached 1.4.32"
| #define PACKAGE_BUGREPORT "memcached@googlegroups.com"
| #define PACKAGE_URL ""
| #define PACKAGE "memcached"
| #define VERSION "1.4.32"
| #define STDC_HEADERS 1
| #define HAVE_SYS_TYPES_H 1
| #define HAVE_SYS_STAT_H 1
| #define HAVE_STDLIB_H 1
| #define HAVE_STRING_H 1
| #define HAVE_MEMORY_H 1
| #define HAVE_STRINGS_H 1
| #define HAVE_INTTYPES_H 1
| #define HAVE_STDINT_H 1
| #define HAVE_UNISTD_H 1
| /* end confdefs.h.  */
| 
| /* Override any GCC internal prototype to avoid an error.
|    Use char because int might match the return type of a GCC
|    builtin and then its argument prototype would still apply.  */
| #ifdef __cplusplus
| extern "C"
| #endif
| char gethugepagesizes ();
| int
| main ()
| {
| return gethugepagesizes ();
|   ;
|   return 0;
| }
configure:5547: gcc -o conftest -g -O2 -pthread -pthread   conftest.c -lhugetlbfs  -levent  >&5
/usr/bin/ld: cannot find -lhugetlbfs: No such file or directory
collect2: error: ld returned 1 exit status
configure:5547: $? = 1
configure: failed program was:
| /* confdefs.h */
| #define PACKAGE_NAME "memcached"
| #define PACKAGE_TARNAME "memcached"
| #define PACKAGE_VERSION "1.4.32"
| #define PACKAGE_STRING "memcached 1.4.32"
| #define PACKAGE_BUGREPORT "memcached@googlegroups.com"
| #define PACKAGE_URL ""
| #define PACKAGE "memcached"
| #define VERSION "1.4.32"
| #define STDC_HEADERS 1
| #define HAVE_SYS_TYPES_H 1
| #define HAVE_SYS_STAT_H 1
| #define HAVE_STDLIB_H 1
| #define HAVE_STRING_H 1
| #define HAVE_MEMORY_H 1
| #define HAVE_STRINGS_H 1
| #define HAVE_INTTYPES_H 1
| #define HAVE_STDINT_H 1
| #define HAVE_UNISTD_H 1
| /* end confdefs.h.  */
| 
| /* Override any GCC internal prototype to avoid an error.
|    Use char because int might match the return type of a GCC
|    builtin and then its argument prototype would still apply.  */
| #ifdef __cplusplus
| extern "C"
| #endif
| char gethugepagesizes ();
| int
| main ()
| {
| return gethugepagesizes ();
|   ;
|   return 0;
| }
configure:5564: result: no
configure:5573: checking for stdbool.h that conforms to C99
configure:5640: gcc -c -g -O2 -pthread -pthread  conftest.c >&5
configure:5640: $? = 0
configure:5647: result: yes
configure:5649: checking for _Bool
configure:5649: gcc -c -g -O2 -pthread -pthread  conftest.c >&5
configure:5649: $? = 0
configure:5649: gcc -c -g -O2 -pthread -pthread  conftest.c >&5
conftest.c: In function 'main':
conftest.c:57:20: error: expected expression before ')' token
   57 | if (sizeof ((_Bool)))
      |                    ^
configure:5649: $? = 1
configure: failed program was:
| /* confdefs.h */
| #define PACKAGE_NAME "memcached"
| #define PACKAGE_TARNAME "memcached"
| #define PACKAGE_VERSION "1.4.32"
| #define PACKAGE_STRING "memcached 1.4.32"
| #define PACKAGE_BUGREPORT "memcached@googlegroups.com"
| #define PACKAGE_URL ""
| #define PACKAGE "memcached"
| #define VERSION "1.4.32"
| #define STDC_HEADERS 1
| #define HAVE_SYS_TYPES_H 1
| #define HAVE_SYS_STAT_H 1
| #define HAVE_STDLIB_H 1
| #define HAVE_STRING_H 1
| #define HAVE_MEMORY_H 1
| #define HAVE_STRINGS_H 1
| #define HAVE_INTTYPES_H 1
| #define HAVE_STDINT_H 1
| #define HAVE_UNISTD_H 1
| /* end confdefs.h.  */
| #include <stdio.h>
| #ifdef HAVE_SYS_TYPES_H
| # include <sys/types.h>
| #endif
| #ifdef HAVE_SYS_STAT_H
| # include <sys/stat.h>
| #endif
| #ifdef STDC_HEADERS
| # include <stdlib.h>
| # include <stddef.h>
| #else
| # ifdef HAVE_STDLIB_H
| #  include <stdlib.h>
| # endif
| #endif
| #ifdef HAVE_STRING_H
| # if !defined STDC_HEADERS && defined HAVE_MEMORY_H
| #  include <memory.h>
| # endif
| # include <string.h>
| #endif
| #ifdef HAVE_STRINGS_H
| # include <strings.h>
| #endif
| #ifdef HAVE_INTTYPES_H
| # include <inttypes.h>
| #endif
| #ifdef HAVE_STDINT_H
| # include <stdint.h>
| #endif
| #ifdef HAVE_UNISTD_H
| # include <unistd.h>
| #endif
| int
| main ()
| {
| if (sizeof ((_Bool)))
| 	    return 0;
|   ;
|   return 0;
| }
configure:5649: result: yes
configure:5670: checking for inttypes.h
configure:5670: result: yes
configure:5685: checking for sasl_callback_ft
configure:5709: gcc -c -g -O2 -pthread -pthread  conftest.c >&5
conftest.c: In function 'main':
conftest.c:34:5: error: unknown type name 'sasl_callback_ft'
   34 |     sasl_callback_ft a_callback;
      |     ^~~~~~~~~~~~~~~~
configure:5709: $? = 1
configure: failed program was:
| /* confdefs.h */
| #define PACKAGE_NAME "memcached"
| #define PACKAGE_TARNAME "memcached"
| #define PACKAGE_VERSION "1.4.32"
| #define PACKAGE_STRING "memcached 1.4.32"
| #define PACKAGE_BUGREPORT "memcached@googlegroups.com"
| #define PACKAGE_URL ""
| #define PACKAGE "memcached"
| #define VERSION "1.4.32"
| #define STDC_HEADERS 1
| #define HAVE_SYS_TYPES_H 1
| #define HAVE_SYS_STAT_H 1
| #define HAVE_STDLIB_H 1
| #define HAVE_STRING_H 1
| #define HAVE_MEMORY_H 1
| #define HAVE_STRINGS_H 1
| #define HAVE_INTTYPES_H 1
| #define HAVE_STDINT_H 1
| #define HAVE_UNISTD_H 1
| #define HAVE__BOOL 1
| #define HAVE_STDBOOL_H 1
| #define HAVE_INTTYPES_H 1
| /* end confdefs.h.  */
| 
|     #ifdef HAVE_SASL_SASL_H
|     #include <sasl/sasl.h>
|     #include <sasl/saslplug.h>
|     #endif
| 
| int
| main ()
| {
| 
|     sasl_callback_ft a_callback;
| 
|   ;
|   return 0;
| }
configure:5721: result: no
configure:5733: checking for print macros for integers (C99 section 7.8.1)
configure:5757: gcc -c -g -O2 -pthread -pthread  conftest.c >&5
configure:5757: $? = 0
configure:5765: result: yes
configure:5781: checking for an ANSI C-conforming const
configure:5847: gcc -c -g -O2 -pthread -pthread  conftest.c >&5
configure:5847: $? = 0
configure:5854: result: yes
configure:5865: checking for socklen_t
configure:5887: gcc -c -g -O2 -pthread -pthread  conftest.c >&5
configure:5887: $? = 0
configure:5899: result: yes
configure:5910: checking for endianness
configure:5937: gcc -o conftest -g -O2 -pthread -pthread   conftest.c -levent  >&5
conftest.c: In function 'main':
conftest.c:30:9: warning: implicit declaration of function 'exit' [-Wimplicit-function-declaration]
   30 |         exit(*c == 1);
      |         ^~~~
conftest.c:1:1: note: include '<stdlib.h>' or provide a declaration of 'exit'
  +++ |+#include <stdlib.h>
    1 | /* confdefs.h */
conftest.c:30:9: warning: incompatible implicit declaration of built-in function 'exit' [-Wbuiltin-declaration-mismatch]
   30 |         exit(*c == 1);
      |         ^~~~
conftest.c:30:9: note: include '<stdlib.h>' or provide a declaration of 'exit'
configure:5937: $? = 0
configure:5937: ./conftest
configure:5937: $? = 1
configure: program exited with status 1
configure: failed program was:
| /* confdefs.h */
| #define PACKAGE_NAME "memcached"
| #define PACKAGE_TARNAME "memcached"
| #define PACKAGE_VERSION "1.4.32"
| #define PACKAGE_STRING "memcached 1.4.32"
| #define PACKAGE_BUGREPORT "memcached@googlegroups.com"
| #define PACKAGE_URL ""
| #define PACKAGE "memcached"
| #define VERSION "1.4.32"
| #define STDC_HEADERS 1
| #define HAVE_SYS_TYPES_H 1
| #define HAVE_SYS_STAT_H 1
| #define HAVE_STDLIB_H 1
| #define HAVE_STRING_H 1
| #define HAVE_MEMORY_H 1
| #define HAVE_STRINGS_H 1
| #define HAVE_INTTYPES_H 1
| #define HAVE_STDINT_H 1
| #define HAVE_UNISTD_H 1
| #define HAVE__BOOL 1
| #define HAVE_STDBOOL_H 1
| #define HAVE_INTTYPES_H 1
| /* end confdefs.h.  */
| 
| int
| main ()
| {
|         long val = 1;
|         char *c = (char *) &val;
|         exit(*c == 1);
| 
|   ;
|   return 0;
| }
| 
configure:5952: result: little
configure:5969: checking for htonll
configure:5991: gcc -o conftest -g -O2 -pthread -pthread   conftest.c -levent  >&5
conftest.c:29:23: warning: extra tokens at end of #include directive
   29 | #include <inttypes.h> */
      |                       ^
conftest.c: In function 'main':
conftest.c:36:18: warning: implicit declaration of function 'htonll'; did you mean 'htonl'? [-Wimplicit-function-declaration]
   36 |           return htonll(0);
      |                  ^~~~~~
      |                  htonl
/usr/bin/ld: /tmp/cc5iAlk5.o: in function `main':
/root/end-to-end-poc/memcached-1.4.32/conftest.c:36: undefined reference to `htonll'
collect2: error: ld returned 1 exit status
configure:5991: $? = 1
configure: failed program was:
| /* confdefs.h */
| #define PACKAGE_NAME "memcached"
| #define PACKAGE_TARNAME "memcached"
| #define PACKAGE_VERSION "1.4.32"
| #define PACKAGE_STRING "memcached 1.4.32"
| #define PACKAGE_BUGREPORT "memcached@googlegroups.com"
| #define PACKAGE_URL ""
| #define PACKAGE "memcached"
| #define VERSION "1.4.32"
| #define STDC_HEADERS 1
| #define HAVE_SYS_TYPES_H 1
| #define HAVE_SYS_STAT_H 1
| #define HAVE_STDLIB_H 1
| #define HAVE_STRING_H 1
| #define HAVE_MEMORY_H 1
| #define HAVE_STRINGS_H 1
| #define HAVE_INTTYPES_H 1
| #define HAVE_STDINT_H 1
| #define HAVE_UNISTD_H 1
| #define HAVE__BOOL 1
| #define HAVE_STDBOOL_H 1
| #define HAVE_INTTYPES_H 1
| #define ENDIAN_LITTLE 1
| /* end confdefs.h.  */
| 
| #include <sys/types.h>
| #include <netinet/in.h>
| #ifdef HAVE_INTTYPES_H
| #include <inttypes.h> */
| #endif
| 
| int
| main ()
| {
| 
|           return htonll(0);
| 
|   ;
|   return 0;
| }
configure:6006: result: no
configure:6010: checking for library containing pthread_create
configure:6041: gcc -o conftest -g -O2 -pthread -pthread   conftest.c -levent  >&5
configure:6041: $? = 0
configure:6058: result: none required
configure:6072: checking for mlockall
configure:6072: gcc -o conftest -g -O2 -pthread -pthread   conftest.c -levent  >&5
configure:6072: $? = 0
configure:6072: result: yes
configure:6083: checking for getpagesizes
configure:6083: gcc -o conftest -g -O2 -pthread -pthread   conftest.c -levent  >&5
/usr/bin/ld: /tmp/ccUmORxu.o: in function `main':
/root/end-to-end-poc/memcached-1.4.32/conftest.c:60: undefined reference to `getpagesizes'
collect2: error: ld returned 1 exit status
configure:6083: $? = 1
configure: failed program was:
| /* confdefs.h */
| #define PACKAGE_NAME "memcached"
| #define PACKAGE_TARNAME "memcached"
| #define PACKAGE_VERSION "1.4.32"
| #define PACKAGE_STRING "memcached 1.4.32"
| #define PACKAGE_BUGREPORT "memcached@googlegroups.com"
| #define PACKAGE_URL ""
| #define PACKAGE "memcached"
| #define VERSION "1.4.32"
| #define STDC_HEADERS 1
| #define HAVE_SYS_TYPES_H 1
| #define HAVE_SYS_STAT_H 1
| #define HAVE_STDLIB_H 1
| #define HAVE_STRING_H 1
| #define HAVE_MEMORY_H 1
| #define HAVE_STRINGS_H 1
| #define HAVE_INTTYPES_H 1
| #define HAVE_STDINT_H 1
| #define HAVE_UNISTD_H 1
| #define HAVE__BOOL 1
| #define HAVE_STDBOOL_H 1
| #define HAVE_INTTYPES_H 1
| #define ENDIAN_LITTLE 1
| #define HAVE_MLOCKALL 1
| /* end confdefs.h.  */
| /* Define getpagesizes to an innocuous variant, in case <limits.h> declares getpagesizes.
|    For example, HP-UX 11i <limits.h> declares gettimeofday.  */
| #define getpagesizes innocuous_getpagesizes
| 
| /* System header to define __stub macros and hopefully few prototypes,
|     which can conflict with char getpagesizes (); below.
|     Prefer <limits.h> to <assert.h> if __STDC__ is defined, since
|     <limits.h> exists even on freestanding compilers.  */
| 
| #ifdef __STDC__
| # include <limits.h>
| #else
| # include <assert.h>
| #endif
| 
| #undef getpagesizes
| 
| /* Override any GCC internal prototype to avoid an error.
|    Use char because int might match the return type of a GCC
|    builtin and then its argument prototype would still apply.  */
| #ifdef __cplusplus
| extern "C"
| #endif
| char getpagesizes ();
| /* The GNU C library defines this for functions which it implements
|     to always fail with ENOSYS.  Some functions are actually named
|     something starting with __ and the normal name is an alias.  */
| #if defined __stub_getpagesizes || defined __stub___getpagesizes
| choke me
| #endif
| 
| int
| main ()
| {
| return getpagesizes ();
|   ;
|   return 0;
| }
configure:6083: result: no
configure:6094: checking for memcntl
configure:6094: gcc -o conftest -g -O2 -pthread -pthread   conftest.c -levent  >&5
/usr/bin/ld: /tmp/cchPgWYa.o: in function `main':
/root/end-to-end-poc/memcached-1.4.32/conftest.c:60: undefined reference to `memcntl'
collect2: error: ld returned 1 exit status
configure:6094: $? = 1
configure: failed program was:
| /* confdefs.h */
| #define PACKAGE_NAME "memcached"
| #define PACKAGE_TARNAME "memcached"
| #define PACKAGE_VERSION "1.4.32"
| #define PACKAGE_STRING "memcached 1.4.32"
| #define PACKAGE_BUGREPORT "memcached@googlegroups.com"
| #define PACKAGE_URL ""
| #define PACKAGE "memcached"
| #define VERSION "1.4.32"
| #define STDC_HEADERS 1
| #define HAVE_SYS_TYPES_H 1
| #define HAVE_SYS_STAT_H 1
| #define HAVE_STDLIB_H 1
| #define HAVE_STRING_H 1
| #define HAVE_MEMORY_H 1
| #define HAVE_STRINGS_H 1
| #define HAVE_INTTYPES_H 1
| #define HAVE_STDINT_H 1
| #define HAVE_UNISTD_H 1
| #define HAVE__BOOL 1
| #define HAVE_STDBOOL_H 1
| #define HAVE_INTTYPES_H 1
| #define ENDIAN_LITTLE 1
| #define HAVE_MLOCKALL 1
| /* end confdefs.h.  */
| /* Define memcntl to an innocuous variant, in case <limits.h> declares memcntl.
|    For example, HP-UX 11i <limits.h> declares gettimeofday.  */
| #define memcntl innocuous_memcntl
| 
| /* System header to define __stub macros and hopefully few prototypes,
|     which can conflict with char memcntl (); below.
|     Prefer <limits.h> to <assert.h> if __STDC__ is defined, since
|     <limits.h> exists even on freestanding compilers.  */
| 
| #ifdef __STDC__
| # include <limits.h>
| #else
| # include <assert.h>
| #endif
| 
| #undef memcntl
| 
| /* Override any GCC internal prototype to avoid an error.
|    Use char because int might match the return type of a GCC
|    builtin and then its argument prototype would still apply.  */
| #ifdef __cplusplus
| extern "C"
| #endif
| char memcntl ();
| /* The GNU C library defines this for functions which it implements
|     to always fail with ENOSYS.  Some functions are actually named
|     something starting with __ and the normal name is an alias.  */
| #if defined __stub_memcntl || defined __stub___memcntl
| choke me
| #endif
| 
| int
| main ()
| {
| return memcntl ();
|   ;
|   return 0;
| }
configure:6094: result: no
configure:6105: checking for sigignore
configure:6105: gcc -o conftest -g -O2 -pthread -pthread   conftest.c -levent  >&5
configure:6105: $? = 0
configure:6105: result: yes
configure:6116: checking for clock_gettime
configure:6116: gcc -o conftest -g -O2 -pthread -pthread   conftest.c -levent  >&5
configure:6116: $? = 0
configure:6116: result: yes
configure:6127: checking for accept4
configure:6127: gcc -o conftest -g -O2 -pthread -pthread   conftest.c -levent  >&5
configure:6127: $? = 0
configure:6127: result: yes
configure:6141: checking for alignment
configure:6187: gcc -o conftest -g -O2 -pthread -pthread   conftest.c -levent  >&5
configure:6187: $? = 0
configure:6187: ./conftest
configure:6187: $? = 0
configure:6202: result: none
configure:6212: checking for GCC atomics
configure:6230: gcc -o conftest -g -O2 -pthread -pthread   conftest.c -levent  >&5
configure:6230: $? = 0
configure:6238: result: yes
configure:6242: checking for GCC 64bit atomics
configure:6260: gcc -o conftest -g -O2 -pthread -pthread   conftest.c -levent  >&5
conftest.c: In function 'main':
conftest.c:36:3: error: unknown type name 'uint64_t'
   36 |   uint64_t a;
      |   ^~~~~~~~
conftest.c:1:1: note: 'uint64_t' is defined in header '<stdint.h>'; did you forget to '#include <stdint.h>'?
    1 | /* confdefs.h */
conftest.c:37:3: error: unknown type name 'uint64_t'
   37 |   uint64_t b;
      |   ^~~~~~~~
conftest.c:37:3: note: 'uint64_t' is defined in header '<stdint.h>'; did you forget to '#include <stdint.h>'?
configure:6260: $? = 1
configure: failed program was:
| /* confdefs.h */
| #define PACKAGE_NAME "memcached"
| #define PACKAGE_TARNAME "memcached"
| #define PACKAGE_VERSION "1.4.32"
| #define PACKAGE_STRING "memcached 1.4.32"
| #define PACKAGE_BUGREPORT "memcached@googlegroups.com"
| #define PACKAGE_URL ""
| #define PACKAGE "memcached"
| #define VERSION "1.4.32"
| #define STDC_HEADERS 1
| #define HAVE_SYS_TYPES_H 1
| #define HAVE_SYS_STAT_H 1
| #define HAVE_STDLIB_H 1
| #define HAVE_STRING_H 1
| #define HAVE_MEMORY_H 1
| #define HAVE_STRINGS_H 1
| #define HAVE_INTTYPES_H 1
| #define HAVE_STDINT_H 1
| #define HAVE_UNISTD_H 1
| #define HAVE__BOOL 1
| #define HAVE_STDBOOL_H 1
| #define HAVE_INTTYPES_H 1
| #define ENDIAN_LITTLE 1
| #define HAVE_MLOCKALL 1
| #define HAVE_SIGIGNORE 1
| #define HAVE_CLOCK_GETTIME 1
| #define HAVE_ACCEPT4 1
| #define HAVE_ACCEPT4 1
| #define HAVE_GCC_ATOMICS 1
| /* end confdefs.h.  */
| 
| int
| main ()
| {
| 
|   uint64_t a;
|   uint64_t b;
|   b = __sync_add_and_fetch(&a, 1);
|   b = __sync_sub_and_fetch(&a, 2);
| 
|   ;
|   return 0;
| }
configure:6268: result: no
configure:6273: checking for setppriv
configure:6273: gcc -o conftest -g -O2 -pthread -pthread   conftest.c -levent  >&5
/usr/bin/ld: /tmp/ccfiGlUC.o: in function `main':
/root/end-to-end-poc/memcached-1.4.32/conftest.c:65: undefined reference to `setppriv'
collect2: error: ld returned 1 exit status
configure:6273: $? = 1
configure: failed program was:
| /* confdefs.h */
| #define PACKAGE_NAME "memcached"
| #define PACKAGE_TARNAME "memcached"
| #define PACKAGE_VERSION "1.4.32"
| #define PACKAGE_STRING "memcached 1.4.32"
| #define PACKAGE_BUGREPORT "memcached@googlegroups.com"
| #define PACKAGE_URL ""
| #define PACKAGE "memcached"
| #define VERSION "1.4.32"
| #define STDC_HEADERS 1
| #define HAVE_SYS_TYPES_H 1
| #define HAVE_SYS_STAT_H 1
| #define HAVE_STDLIB_H 1
| #define HAVE_STRING_H 1
| #define HAVE_MEMORY_H 1
| #define HAVE_STRINGS_H 1
| #define HAVE_INTTYPES_H 1
| #define HAVE_STDINT_H 1
| #define HAVE_UNISTD_H 1
| #define HAVE__BOOL 1
| #define HAVE_STDBOOL_H 1
| #define HAVE_INTTYPES_H 1
| #define ENDIAN_LITTLE 1
| #define HAVE_MLOCKALL 1
| #define HAVE_SIGIGNORE 1
| #define HAVE_CLOCK_GETTIME 1
| #define HAVE_ACCEPT4 1
| #define HAVE_ACCEPT4 1
| #define HAVE_GCC_ATOMICS 1
| /* end confdefs.h.  */
| /* Define setppriv to an innocuous variant, in case <limits.h> declares setppriv.
|    For example, HP-UX 11i <limits.h> declares gettimeofday.  */
| #define setppriv innocuous_setppriv
| 
| /* System header to define __stub macros and hopefully few prototypes,
|     which can conflict with char setppriv (); below.
|     Prefer <limits.h> to <assert.h> if __STDC__ is defined, since
|     <limits.h> exists even on freestanding compilers.  */
| 
| #ifdef __STDC__
| # include <limits.h>
| #else
| # include <assert.h>
| #endif
| 
| #undef setppriv
| 
| /* Override any GCC internal prototype to avoid an error.
|    Use char because int might match the return type of a GCC
|    builtin and then its argument prototype would still apply.  */
| #ifdef __cplusplus
| extern "C"
| #endif
| char setppriv ();
| /* The GNU C library defines this for functions which it implements
|     to always fail with ENOSYS.  Some functions are actually named
|     something starting with __ and the normal name is an alias.  */
| #if defined __stub_setppriv || defined __stub___setppriv
| choke me
| #endif
| 
| int
| main ()
| {
| return setppriv ();
|   ;
|   return 0;
| }
configure:6273: result: no
configure:6304: checking umem.h usability
configure:6304: gcc -c -g -O2 -pthread -pthread  conftest.c >&5
conftest.c:64:10: fatal error: umem.h: No such file or directory
   64 | #include <umem.h>
      |          ^~~~~~~~
compilation terminated.
configure:6304: $? = 1
configure: failed program was:
| /* confdefs.h */
| #define PACKAGE_NAME "memcached"
| #define PACKAGE_TARNAME "memcached"
| #define PACKAGE_VERSION "1.4.32"
| #define PACKAGE_STRING "memcached 1.4.32"
| #define PACKAGE_BUGREPORT "memcached@googlegroups.com"
| #define PACKAGE_URL ""
| #define PACKAGE "memcached"
| #define VERSION "1.4.32"
| #define STDC_HEADERS 1
| #define HAVE_SYS_TYPES_H 1
| #define HAVE_SYS_STAT_H 1
| #define HAVE_STDLIB_H 1
| #define HAVE_STRING_H 1
| #define HAVE_MEMORY_H 1
| #define HAVE_STRINGS_H 1
| #define HAVE_INTTYPES_H 1
| #define HAVE_STDINT_H 1
| #define HAVE_UNISTD_H 1
| #define HAVE__BOOL 1
| #define HAVE_STDBOOL_H 1
| #define HAVE_INTTYPES_H 1
| #define ENDIAN_LITTLE 1
| #define HAVE_MLOCKALL 1
| #define HAVE_SIGIGNORE 1
| #define HAVE_CLOCK_GETTIME 1
| #define HAVE_ACCEPT4 1
| #define HAVE_ACCEPT4 1
| #define HAVE_GCC_ATOMICS 1
| /* end confdefs.h.  */
| #include <stdio.h>
| #ifdef HAVE_SYS_TYPES_H
| # include <sys/types.h>
| #endif
| #ifdef HAVE_SYS_STAT_H
| # include <sys/stat.h>
| #endif
| #ifdef STDC_HEADERS
| # include <stdlib.h>
| # include <stddef.h>
| #else
| # ifdef HAVE_STDLIB_H
| #  include <stdlib.h>
| # endif
| #endif
| #ifdef HAVE_STRING_H
| # if !defined STDC_HEADERS && defined HAVE_MEMORY_H
| #  include <memory.h>
| # endif
| # include <string.h>
| #endif
| #ifdef HAVE_STRINGS_H
| # include <strings.h>
| #endif
| #ifdef HAVE_INTTYPES_H
| # include <inttypes.h>
| #endif
| #ifdef HAVE_STDINT_H
| # include <stdint.h>
| #endif
| #ifdef HAVE_UNISTD_H
| # include <unistd.h>
| #endif
| #include <umem.h>
configure:6304: result: no
configure:6304: checking umem.h presence
configure:6304: gcc -E  conftest.c
conftest.c:31:10: fatal error: umem.h: No such file or directory
   31 | #include <umem.h>
      |          ^~~~~~~~
compilation terminated.
configure:6304: $? = 1
configure: failed program was:
| /* confdefs.h */
| #define PACKAGE_NAME "memcached"
| #define PACKAGE_TARNAME "memcached"
| #define PACKAGE_VERSION "1.4.32"
| #define PACKAGE_STRING "memcached 1.4.32"
| #define PACKAGE_BUGREPORT "memcached@googlegroups.com"
| #define PACKAGE_URL ""
| #define PACKAGE "memcached"
| #define VERSION "1.4.32"
| #define STDC_HEADERS 1
| #define HAVE_SYS_TYPES_H 1
| #define HAVE_SYS_STAT_H 1
| #define HAVE_STDLIB_H 1
| #define HAVE_STRING_H 1
| #define HAVE_MEMORY_H 1
| #define HAVE_STRINGS_H 1
| #define HAVE_INTTYPES_H 1
| #define HAVE_STDINT_H 1
| #define HAVE_UNISTD_H 1
| #define HAVE__BOOL 1
| #define HAVE_STDBOOL_H 1
| #define HAVE_INTTYPES_H 1
| #define ENDIAN_LITTLE 1
| #define HAVE_MLOCKALL 1
| #define HAVE_SIGIGNORE 1
| #define HAVE_CLOCK_GETTIME 1
| #define HAVE_ACCEPT4 1
| #define HAVE_ACCEPT4 1
| #define HAVE_GCC_ATOMICS 1
| /* end confdefs.h.  */
| #include <umem.h>
configure:6304: result: no
configure:6304: checking for umem.h
configure:6304: result: no
configure:6335: checking for xml2rfc
configure:6366: result: no
configure:6376: checking for xsltproc
configure:6407: result: no
configure:6551: checking that generated files are newer than configure
configure:6557: result: done
configure:6604: creating ./config.status

## ---------------------- ##
## Running config.status. ##
## ---------------------- ##

This file was extended by memcached config.status 1.4.32, which was
generated by GNU Autoconf 2.69.  Invocation command line was

  CONFIG_FILES    = 
  CONFIG_HEADERS  = 
  CONFIG_LINKS    = 
  CONFIG_COMMANDS = 
  $ ./config.status 

on iZbp1dccharmrpjjshwozhZ

config.status:893: creating Makefile
config.status:893: creating doc/Makefile
config.status:893: creating config.h
config.status:1074: config.h is unchanged
config.status:1122: executing depfiles commands

## ---------------- ##
## Cache variables. ##
## ---------------- ##

ac_cv_build=aarch64-unknown-linux-gnu
ac_cv_c_alignment=none
ac_cv_c_compiler_gnu=yes
ac_cv_c_const=yes
ac_cv_c_endian=little
ac_cv_c_socklen_t=yes
ac_cv_c_uint64_support=yes
ac_cv_env_CC_set=
ac_cv_env_CC_value=
ac_cv_env_CFLAGS_set=
ac_cv_env_CFLAGS_value=
ac_cv_env_CPPFLAGS_set=
ac_cv_env_CPPFLAGS_value=
ac_cv_env_CPP_set=
ac_cv_env_CPP_value=
ac_cv_env_LDFLAGS_set=
ac_cv_env_LDFLAGS_value=
ac_cv_env_LIBS_set=
ac_cv_env_LIBS_value=
ac_cv_env_build_alias_set=
ac_cv_env_build_alias_value=
ac_cv_env_host_alias_set=
ac_cv_env_host_alias_value=
ac_cv_env_target_alias_set=
ac_cv_env_target_alias_value=
ac_cv_func_accept4=yes
ac_cv_func_clock_gettime=yes
ac_cv_func_getpagesizes=no
ac_cv_func_memcntl=no
ac_cv_func_mlockall=yes
ac_cv_func_setppriv=no
ac_cv_func_sigignore=yes
ac_cv_has_sasl_callback_ft=no
ac_cv_have_decl___SUNPRO_C=no
ac_cv_header_inttypes_h=yes
ac_cv_header_memory_h=yes
ac_cv_header_sasl_sasl_h=no
ac_cv_header_stdbool_h=yes
ac_cv_header_stdc=yes
ac_cv_header_stdint_h=yes
ac_cv_header_stdlib_h=yes
ac_cv_header_string_h=yes
ac_cv_header_strings_h=yes
ac_cv_header_sys_stat_h=yes
ac_cv_header_sys_types_h=yes
ac_cv_header_umem_h=no
ac_cv_header_unistd_h=yes
ac_cv_host=aarch64-unknown-linux-gnu
ac_cv_lib_gcov_main=yes
ac_cv_libevent_dir='(system)'
ac_cv_objext=o
ac_cv_path_EGREP='/usr/bin/grep -E'
ac_cv_path_GREP=/usr/bin/grep
ac_cv_path_PROFILER=/usr/bin/gcov
ac_cv_path_XML2RFC=no
ac_cv_path_XSLTPROC=no
ac_cv_path_install='/usr/bin/install -c'
ac_cv_path_mkdir=/usr/bin/mkdir
ac_cv_prog_AWK=gawk
ac_cv_prog_CPP='gcc -E'
ac_cv_prog_ac_ct_CC=gcc
ac_cv_prog_cc_c89=
ac_cv_prog_cc_c99=
ac_cv_prog_cc_g=yes
ac_cv_prog_make_make_set=yes
ac_cv_search_clock_gettime='none required'
ac_cv_search_gethostbyname='none required'
ac_cv_search_gethugepagesizes=no
ac_cv_search_pthread_create='none required'
ac_cv_search_socket='none required'
ac_cv_search_umem_cache_create=no
ac_cv_type__Bool=yes
am_cv_CC_dependencies_compiler_type=gcc3
am_cv_make_support_nested_variables=yes
am_cv_prog_cc_c_o=yes

## ----------------- ##
## Output variables. ##
## ----------------- ##

ACLOCAL='${SHELL} /root/end-to-end-poc/memcached-1.4.32/missing aclocal-1.15'
AMDEPBACKSLASH='\'
AMDEP_FALSE='#'
AMDEP_TRUE=''
AMTAR='$${TAR-tar}'
AM_BACKSLASH='\'
AM_DEFAULT_V='$(AM_DEFAULT_VERBOSITY)'
AM_DEFAULT_VERBOSITY='1'
AM_V='$(V)'
AUTOCONF='${SHELL} /root/end-to-end-poc/memcached-1.4.32/missing autoconf'
AUTOHEADER='${SHELL} /root/end-to-end-poc/memcached-1.4.32/missing autoheader'
AUTOMAKE='${SHELL} /root/end-to-end-poc/memcached-1.4.32/missing automake-1.15'
AWK='gawk'
BUILD_CACHE_FALSE='#'
BUILD_CACHE_TRUE=''
BUILD_DTRACE_FALSE=''
BUILD_DTRACE_TRUE='#'
BUILD_SOLARIS_PRIVS_FALSE=''
BUILD_SOLARIS_PRIVS_TRUE='#'
BUILD_SPECIFICATIONS_FALSE=''
BUILD_SPECIFICATIONS_TRUE='#'
CC='gcc'
CCDEPMODE='depmode=gcc3'
CFLAGS='-g -O2 -pthread -pthread -Wall -Werror -pedantic -Wmissing-prototypes -Wmissing-declarations -Wredundant-decls'
CPP='gcc -E'
CPPFLAGS=''
CYGPATH_W='echo'
DEFS='-DHAVE_CONFIG_H'
DEPDIR='.deps'
DTRACE=''
DTRACEFLAGS=''
DTRACE_INSTRUMENT_OBJ_FALSE=''
DTRACE_INSTRUMENT_OBJ_TRUE='#'
ECHO_C=''
ECHO_N='-n'
ECHO_T=''
EGREP='/usr/bin/grep -E'
ENABLE_SASL=''
ENABLE_SASL_FALSE=''
ENABLE_SASL_TRUE='#'
EXEEXT=''
GREP='/usr/bin/grep'
INSTALL_DATA='${INSTALL} -m 644'
INSTALL_PROGRAM='${INSTALL}'
INSTALL_SCRIPT='${INSTALL}'
INSTALL_STRIP_PROGRAM='$(install_sh) -c -s'
LDFLAGS=''
LIBOBJS=''
LIBS='-levent '
LTLIBOBJS=''
MAKEINFO='${SHELL} /root/end-to-end-poc/memcached-1.4.32/missing makeinfo'
MKDIR_P='/usr/bin/mkdir -p'
OBJEXT='o'
PACKAGE='memcached'
PACKAGE_BUGREPORT='memcached@googlegroups.com'
PACKAGE_NAME='memcached'
PACKAGE_STRING='memcached 1.4.32'
PACKAGE_TARNAME='memcached'
PACKAGE_URL=''
PACKAGE_VERSION='1.4.32'
PATH_SEPARATOR=':'
PROFILER='/usr/bin/gcov'
PROFILER_FLAGS='-fprofile-arcs -ftest-coverage'
PROFILER_LDFLAGS='-lgcov'
SET_MAKE=''
SHELL='/bin/bash'
STRIP=''
VERSION='1.4.32'
XML2RFC='no'
XSLTPROC='no'
ac_ct_CC='gcc'
am__EXEEXT_FALSE=''
am__EXEEXT_TRUE='#'
am__fastdepCC_FALSE='#'
am__fastdepCC_TRUE=''
am__include='include'
am__isrc=''
am__leading_dot='.'
am__nodep='_no'
am__quote=''
am__tar='$${TAR-tar} chof - "$$tardir"'
am__untar='$${TAR-tar} xf -'
bindir='${exec_prefix}/bin'
build='aarch64-unknown-linux-gnu'
build_alias=''
build_cpu='aarch64'
build_os='linux-gnu'
build_vendor='unknown'
datadir='${datarootdir}'
datarootdir='${prefix}/share'
docdir='${datarootdir}/doc/${PACKAGE_TARNAME}'
dvidir='${docdir}'
exec_prefix='${prefix}'
host='aarch64-unknown-linux-gnu'
host_alias=''
host_cpu='aarch64'
host_os='linux-gnu'
host_vendor='unknown'
htmldir='${docdir}'
includedir='${prefix}/include'
infodir='${datarootdir}/info'
install_sh='${SHELL} /root/end-to-end-poc/memcached-1.4.32/install-sh'
libdir='${exec_prefix}/lib'
libexecdir='${exec_prefix}/libexec'
localedir='${datarootdir}/locale'
localstatedir='${prefix}/var'
mandir='${datarootdir}/man'
mkdir_p='$(MKDIR_P)'
oldincludedir='/usr/include'
pdfdir='${docdir}'
prefix='/usr/local/memcache'
program_transform_name='s,x,x,'
psdir='${docdir}'
runstatedir='${localstatedir}/run'
sbindir='${exec_prefix}/sbin'
sharedstatedir='${prefix}/com'
sysconfdir='${prefix}/etc'
target_alias=''

## ----------- ##
## confdefs.h. ##
## ----------- ##

/* confdefs.h */
#define PACKAGE_NAME "memcached"
#define PACKAGE_TARNAME "memcached"
#define PACKAGE_VERSION "1.4.32"
#define PACKAGE_STRING "memcached 1.4.32"
#define PACKAGE_BUGREPORT "memcached@googlegroups.com"
#define PACKAGE_URL ""
#define PACKAGE "memcached"
#define VERSION "1.4.32"
#define STDC_HEADERS 1
#define HAVE_SYS_TYPES_H 1
#define HAVE_SYS_STAT_H 1
#define HAVE_STDLIB_H 1
#define HAVE_STRING_H 1
#define HAVE_MEMORY_H 1
#define HAVE_STRINGS_H 1
#define HAVE_INTTYPES_H 1
#define HAVE_STDINT_H 1
#define HAVE_UNISTD_H 1
#define HAVE__BOOL 1
#define HAVE_STDBOOL_H 1
#define HAVE_INTTYPES_H 1
#define ENDIAN_LITTLE 1
#define HAVE_MLOCKALL 1
#define HAVE_SIGIGNORE 1
#define HAVE_CLOCK_GETTIME 1
#define HAVE_ACCEPT4 1
#define HAVE_ACCEPT4 1
#define HAVE_GCC_ATOMICS 1
#define _GNU_SOURCE 1

configure: exit 0
